<?xml version="1.0" encoding="UTF-8"?>
<!-- Generated by org.testng.reporters.JUnitReportReporter -->
<testsuite skipped="0" hostname="MDLT222" name="appium.Demo1" tests="1" failures="0" timestamp="2020-05-15T11:34:55 IST" time="84.623" errors="0">
  <testcase name="search" time="84.623" classname="appium.Demo1"/>
  <system-out/>
</testsuite> <!-- appium.Demo1 -->
