<?xml version="1.0" encoding="UTF-8"?>
<!-- Generated by org.testng.reporters.JUnitReportReporter -->
<testsuite skipped="0" hostname="MDLT222" name="appium.EriBank" tests="1" failures="0" timestamp="2020-05-14T23:26:42 IST" time="55.217" errors="0">
  <testcase name="sampleTest" time="55.217" classname="appium.EriBank"/>
  <system-out/>
</testsuite> <!-- appium.EriBank -->
