<?xml version="1.0" encoding="UTF-8"?>
<!-- Generated by org.testng.reporters.JUnitReportReporter -->
<testsuite skipped="0" hostname="MDLT222" name="appium.Demo2" tests="1" failures="0" timestamp="2020-05-15T11:23:07 IST" time="65.626" errors="0">
  <testcase name="search" time="65.626" classname="appium.Demo2"/>
  <system-out/>
</testsuite> <!-- appium.Demo2 -->
